현재시간: 2022-04-08 17:40:28
실행중...
현재시간: 2022-04-08 17:50:28
실행중...
*****************동인네트워크 부스 정리 프로그램 실행합니다*****************
****************MADE BY PPJ(Twitter: @Juicy_Wave)****************
**********************오늘의 날짜는 2022-04-08-18:00 **********************
1 번째 행사 작성 완료. 다음 행사로 넘어갑니다...
2 번째 행사 작성 완료. 다음 행사로 넘어갑니다...
3 번째 행사 작성 완료. 다음 행사로 넘어갑니다...
4 번째 행사 작성 완료. 다음 행사로 넘어갑니다...
*****************실행 완료. 다음 실행은 다음 이 시간에...*****************
현재시간: 2022-04-08 18:00:28
실행중...
현재시간: 2022-04-08 18:10:29
실행중...
현재시간: 2022-04-08 18:20:30
실행중...
현재시간: 2022-04-08 18:30:30
실행중...
현재시간: 2022-04-08 18:40:31
실행중...
현재시간: 2022-04-08 18:50:32
실행중...
현재시간: 2022-04-08 19:00:32
실행중...
현재시간: 2022-04-08 19:10:33
실행중...
현재시간: 2022-04-08 19:20:33
실행중...
현재시간: 2022-04-08 19:30:34
실행중...
현재시간: 2022-04-08 19:40:35
실행중...
현재시간: 2022-04-08 19:50:35
실행중...
현재시간: 2022-04-08 20:00:36
실행중...
현재시간: 2022-04-08 20:10:37
실행중...
현재시간: 2022-04-08 20:20:37
실행중...
현재시간: 2022-04-08 20:30:38
실행중...
현재시간: 2022-04-08 20:40:38
실행중...
현재시간: 2022-04-08 20:50:39
실행중...
현재시간: 2022-04-08 21:00:39
실행중...
현재시간: 2022-04-08 21:10:40
실행중...
현재시간: 2022-04-08 21:20:41
실행중...
현재시간: 2022-04-08 21:30:41
실행중...
현재시간: 2022-04-08 21:40:42
실행중...
현재시간: 2022-04-08 21:50:42
실행중...
현재시간: 2022-04-08 22:00:42
실행중...
현재시간: 2022-04-08 22:10:43
실행중...
현재시간: 2022-04-08 22:20:44
실행중...
현재시간: 2022-04-08 22:30:44
실행중...
현재시간: 2022-04-08 22:40:45
실행중...
현재시간: 2022-04-08 22:50:45
실행중...
현재시간: 2022-04-08 23:00:46
실행중...
현재시간: 2022-04-08 23:10:47
실행중...
현재시간: 2022-04-08 23:20:47
실행중...
현재시간: 2022-04-08 23:30:48
실행중...
현재시간: 2022-04-08 23:40:48
실행중...
현재시간: 2022-04-08 23:50:49
실행중...
*****************동인네트워크 부스 정리 프로그램 실행합니다*****************
****************MADE BY PPJ(Twitter: @Juicy_Wave)****************
**********************오늘의 날짜는 2022-04-09-00:00 **********************
1 번째 행사 작성 완료. 다음 행사로 넘어갑니다...
2 번째 행사 작성 완료. 다음 행사로 넘어갑니다...
3 번째 행사 작성 완료. 다음 행사로 넘어갑니다...
4 번째 행사 작성 완료. 다음 행사로 넘어갑니다...
*****************실행 완료. 다음 실행은 다음 이 시간에...*****************
현재시간: 2022-04-09 00:00:50
실행중...
현재시간: 2022-04-09 00:10:50
실행중...
현재시간: 2022-04-09 00:20:51
실행중...
현재시간: 2022-04-09 00:30:52
실행중...
현재시간: 2022-04-09 00:40:52
실행중...
현재시간: 2022-04-09 00:50:53
실행중...
현재시간: 2022-04-09 01:00:54
실행중...
현재시간: 2022-04-09 01:10:54
실행중...
현재시간: 2022-04-09 01:20:55
실행중...
현재시간: 2022-04-09 01:30:56
실행중...
현재시간: 2022-04-09 01:40:56
실행중...
현재시간: 2022-04-09 01:50:57
실행중...
현재시간: 2022-04-09 02:00:57
실행중...
현재시간: 2022-04-09 02:10:58
실행중...
현재시간: 2022-04-09 02:20:58
실행중...
현재시간: 2022-04-09 02:30:59
실행중...
현재시간: 2022-04-09 02:41:00
실행중...
현재시간: 2022-04-09 02:51:00
실행중...
현재시간: 2022-04-09 03:01:01
실행중...
현재시간: 2022-04-09 03:11:02
실행중...
현재시간: 2022-04-09 03:21:02
실행중...
현재시간: 2022-04-09 03:31:03
실행중...
현재시간: 2022-04-09 03:41:03
실행중...
현재시간: 2022-04-09 03:51:04
실행중...
현재시간: 2022-04-09 04:01:05
실행중...
현재시간: 2022-04-09 04:11:05
실행중...
현재시간: 2022-04-09 04:21:06
실행중...
현재시간: 2022-04-09 04:31:07
실행중...
현재시간: 2022-04-09 04:41:07
실행중...
현재시간: 2022-04-09 04:51:08
실행중...
현재시간: 2022-04-09 05:01:08
실행중...
현재시간: 2022-04-09 05:11:09
실행중...
현재시간: 2022-04-09 05:21:10
실행중...
현재시간: 2022-04-09 05:31:10
실행중...
현재시간: 2022-04-09 05:41:10
실행중...
현재시간: 2022-04-09 05:51:11
실행중...
*****************동인네트워크 부스 정리 프로그램 실행합니다*****************
****************MADE BY PPJ(Twitter: @Juicy_Wave)****************
**********************오늘의 날짜는 2022-04-09-06:00 **********************
1 번째 행사 작성 완료. 다음 행사로 넘어갑니다...
2 번째 행사 작성 완료. 다음 행사로 넘어갑니다...
3 번째 행사 작성 완료. 다음 행사로 넘어갑니다...
4 번째 행사 작성 완료. 다음 행사로 넘어갑니다...
*****************실행 완료. 다음 실행은 다음 이 시간에...*****************
현재시간: 2022-04-09 06:01:11
실행중...
현재시간: 2022-04-09 06:11:12
실행중...
현재시간: 2022-04-09 06:21:13
실행중...
현재시간: 2022-04-09 06:31:13
실행중...
현재시간: 2022-04-09 06:41:14
실행중...
현재시간: 2022-04-09 06:51:14
실행중...
현재시간: 2022-04-09 07:01:15
실행중...
현재시간: 2022-04-09 07:11:16
실행중...
현재시간: 2022-04-09 07:21:16
실행중...
현재시간: 2022-04-09 07:31:16
실행중...
현재시간: 2022-04-09 07:41:17
실행중...
현재시간: 2022-04-09 07:51:18
실행중...
현재시간: 2022-04-09 08:01:18
실행중...
현재시간: 2022-04-09 08:11:19
실행중...
현재시간: 2022-04-09 08:21:19
실행중...
현재시간: 2022-04-09 08:31:20
실행중...
현재시간: 2022-04-09 08:41:21
실행중...
현재시간: 2022-04-09 08:51:21
실행중...
현재시간: 2022-04-09 09:01:21
실행중...
현재시간: 2022-04-09 09:11:22
실행중...
현재시간: 2022-04-09 09:21:22
실행중...
현재시간: 2022-04-09 09:31:23
실행중...
현재시간: 2022-04-09 09:41:24
실행중...
현재시간: 2022-04-09 09:51:24
실행중...
현재시간: 2022-04-09 10:01:25
실행중...
현재시간: 2022-04-09 10:11:25
실행중...
현재시간: 2022-04-09 10:21:26
실행중...
현재시간: 2022-04-09 10:31:26
실행중...
현재시간: 2022-04-09 10:41:27
실행중...
현재시간: 2022-04-09 10:51:28
실행중...
현재시간: 2022-04-09 11:01:28
실행중...
현재시간: 2022-04-09 11:11:29
실행중...
현재시간: 2022-04-09 11:21:30
실행중...
현재시간: 2022-04-09 11:31:30
실행중...
현재시간: 2022-04-09 11:41:31
실행중...
현재시간: 2022-04-09 11:51:31
실행중...
*****************동인네트워크 부스 정리 프로그램 실행합니다*****************
****************MADE BY PPJ(Twitter: @Juicy_Wave)****************
**********************오늘의 날짜는 2022-04-09-12:00 **********************
1 번째 행사 작성 완료. 다음 행사로 넘어갑니다...
2 번째 행사 작성 완료. 다음 행사로 넘어갑니다...
3 번째 행사 작성 완료. 다음 행사로 넘어갑니다...
4 번째 행사 작성 완료. 다음 행사로 넘어갑니다...
*****************실행 완료. 다음 실행은 다음 이 시간에...*****************
현재시간: 2022-04-09 12:01:32
실행중...
현재시간: 2022-04-09 12:11:32
실행중...
현재시간: 2022-04-09 12:21:33
실행중...
현재시간: 2022-04-09 12:31:34
실행중...
현재시간: 2022-04-09 12:41:34
실행중...
현재시간: 2022-04-09 12:51:35
실행중...
현재시간: 2022-04-09 13:01:36
실행중...
현재시간: 2022-04-09 13:11:36
실행중...
현재시간: 2022-04-09 13:21:37
실행중...
현재시간: 2022-04-09 13:31:38
실행중...
현재시간: 2022-04-09 13:41:38
실행중...
현재시간: 2022-04-09 13:51:39
실행중...
현재시간: 2022-04-09 14:01:39
실행중...
현재시간: 2022-04-09 14:11:40
실행중...
현재시간: 2022-04-09 14:21:40
실행중...
현재시간: 2022-04-09 14:31:41
실행중...
현재시간: 2022-04-09 14:41:41
실행중...
현재시간: 2022-04-09 14:51:42
실행중...
현재시간: 2022-04-09 15:01:43
실행중...
현재시간: 2022-04-09 15:11:43
실행중...
현재시간: 2022-04-09 15:21:44
실행중...
현재시간: 2022-04-09 15:31:45
실행중...
현재시간: 2022-04-09 15:41:45
실행중...
현재시간: 2022-04-09 15:51:46
실행중...
현재시간: 2022-04-09 16:01:46
실행중...
현재시간: 2022-04-09 16:11:47
실행중...
현재시간: 2022-04-09 16:21:47
실행중...
현재시간: 2022-04-09 16:31:48
실행중...
현재시간: 2022-04-09 16:41:48
실행중...
현재시간: 2022-04-09 16:51:49
실행중...
현재시간: 2022-04-09 17:01:50
실행중...
현재시간: 2022-04-09 17:11:50
실행중...
현재시간: 2022-04-09 17:21:51
실행중...
현재시간: 2022-04-09 17:31:52
실행중...
현재시간: 2022-04-09 17:41:52
실행중...
현재시간: 2022-04-09 17:51:53
실행중...
*****************동인네트워크 부스 정리 프로그램 실행합니다*****************
****************MADE BY PPJ(Twitter: @Juicy_Wave)****************
**********************오늘의 날짜는 2022-04-09-18:00 **********************
1 번째 행사 작성 완료. 다음 행사로 넘어갑니다...
2 번째 행사 작성 완료. 다음 행사로 넘어갑니다...
3 번째 행사 작성 완료. 다음 행사로 넘어갑니다...
4 번째 행사 작성 완료. 다음 행사로 넘어갑니다...
*****************실행 완료. 다음 실행은 다음 이 시간에...*****************
현재시간: 2022-04-09 18:01:54
실행중...
현재시간: 2022-04-09 18:11:54
실행중...
현재시간: 2022-04-09 18:21:55
실행중...
현재시간: 2022-04-09 18:31:56
실행중...
현재시간: 2022-04-09 18:41:56
실행중...
현재시간: 2022-04-09 18:51:57
실행중...
현재시간: 2022-04-09 19:01:57
실행중...
현재시간: 2022-04-09 19:11:58
실행중...
현재시간: 2022-04-09 19:21:59
실행중...
현재시간: 2022-04-09 19:31:59
실행중...
현재시간: 2022-04-09 19:42:00
실행중...
현재시간: 2022-04-09 19:52:00
실행중...
현재시간: 2022-04-09 20:02:01
실행중...
현재시간: 2022-04-09 20:12:02
실행중...
현재시간: 2022-04-09 20:22:02
실행중...
현재시간: 2022-04-09 20:32:03
실행중...
현재시간: 2022-04-09 20:42:03
실행중...
현재시간: 2022-04-09 20:52:04
실행중...
현재시간: 2022-04-09 21:02:05
실행중...
현재시간: 2022-04-09 21:12:05
실행중...
현재시간: 2022-04-09 21:22:06
실행중...
현재시간: 2022-04-09 21:32:07
실행중...
현재시간: 2022-04-09 21:42:07
실행중...
현재시간: 2022-04-09 21:52:08
실행중...
현재시간: 2022-04-09 22:02:08
실행중...
현재시간: 2022-04-09 22:12:09
실행중...
현재시간: 2022-04-09 22:22:10
실행중...
현재시간: 2022-04-09 22:32:10
실행중...
현재시간: 2022-04-09 22:42:11
실행중...
현재시간: 2022-04-09 22:52:12
실행중...
현재시간: 2022-04-09 23:02:12
실행중...
현재시간: 2022-04-09 23:12:13
실행중...
현재시간: 2022-04-09 23:22:13
실행중...
현재시간: 2022-04-09 23:32:14
실행중...
현재시간: 2022-04-09 23:42:15
실행중...
현재시간: 2022-04-09 23:52:15
실행중...
*****************동인네트워크 부스 정리 프로그램 실행합니다*****************
****************MADE BY PPJ(Twitter: @Juicy_Wave)****************
**********************오늘의 날짜는 2022-04-10-00:00 **********************
1 번째 행사 작성 완료. 다음 행사로 넘어갑니다...
2 번째 행사 작성 완료. 다음 행사로 넘어갑니다...
3 번째 행사 작성 완료. 다음 행사로 넘어갑니다...
4 번째 행사 작성 완료. 다음 행사로 넘어갑니다...
*****************실행 완료. 다음 실행은 다음 이 시간에...*****************
현재시간: 2022-04-10 00:02:15
실행중...
현재시간: 2022-04-10 00:12:16
실행중...
현재시간: 2022-04-10 00:22:16
실행중...
현재시간: 2022-04-10 00:32:17
실행중...
현재시간: 2022-04-10 00:42:18
실행중...
현재시간: 2022-04-10 00:52:18
실행중...
현재시간: 2022-04-10 01:02:19
실행중...
현재시간: 2022-04-10 01:12:19
실행중...
현재시간: 2022-04-10 01:22:20
실행중...
현재시간: 2022-04-10 01:32:21
실행중...
현재시간: 2022-04-10 01:42:21
실행중...
현재시간: 2022-04-10 01:52:22
실행중...
현재시간: 2022-04-10 02:02:23
실행중...
현재시간: 2022-04-10 02:12:23
실행중...
현재시간: 2022-04-10 02:22:24
실행중...
현재시간: 2022-04-10 02:32:25
실행중...
현재시간: 2022-04-10 02:42:25
실행중...
현재시간: 2022-04-10 02:52:26
실행중...
현재시간: 2022-04-10 03:02:27
실행중...
현재시간: 2022-04-10 03:12:27
실행중...
현재시간: 2022-04-10 03:22:27
실행중...
현재시간: 2022-04-10 03:32:28
실행중...
현재시간: 2022-04-10 03:42:28
실행중...
현재시간: 2022-04-10 03:52:29
실행중...
현재시간: 2022-04-10 04:02:29
실행중...
현재시간: 2022-04-10 04:12:30
실행중...
현재시간: 2022-04-10 04:22:31
실행중...
현재시간: 2022-04-10 04:32:31
실행중...
현재시간: 2022-04-10 04:42:31
실행중...
현재시간: 2022-04-10 04:52:32
실행중...
현재시간: 2022-04-10 05:02:32
실행중...
현재시간: 2022-04-10 05:12:33
실행중...
현재시간: 2022-04-10 05:22:33
실행중...
현재시간: 2022-04-10 05:32:34
실행중...
현재시간: 2022-04-10 05:42:34
실행중...
현재시간: 2022-04-10 05:52:35
실행중...
*****************동인네트워크 부스 정리 프로그램 실행합니다*****************
****************MADE BY PPJ(Twitter: @Juicy_Wave)****************
**********************오늘의 날짜는 2022-04-10-06:00 **********************
1 번째 행사 작성 완료. 다음 행사로 넘어갑니다...
2 번째 행사 작성 완료. 다음 행사로 넘어갑니다...
3 번째 행사 작성 완료. 다음 행사로 넘어갑니다...
4 번째 행사 작성 완료. 다음 행사로 넘어갑니다...
*****************실행 완료. 다음 실행은 다음 이 시간에...*****************
현재시간: 2022-04-10 06:02:36
실행중...
현재시간: 2022-04-10 06:12:37
실행중...
현재시간: 2022-04-10 06:22:37
실행중...
현재시간: 2022-04-10 06:32:38
실행중...
현재시간: 2022-04-10 06:42:38
실행중...
현재시간: 2022-04-10 06:52:38
실행중...
현재시간: 2022-04-10 07:02:39
실행중...
현재시간: 2022-04-10 07:12:40
실행중...
현재시간: 2022-04-10 07:22:40
실행중...
현재시간: 2022-04-10 07:32:41
실행중...
현재시간: 2022-04-10 07:42:42
실행중...
현재시간: 2022-04-10 07:52:42
실행중...
현재시간: 2022-04-10 08:02:43
실행중...
현재시간: 2022-04-10 08:12:43
실행중...
현재시간: 2022-04-10 08:22:44
실행중...
현재시간: 2022-04-10 08:32:45
실행중...
현재시간: 2022-04-10 08:42:45
실행중...
현재시간: 2022-04-10 08:52:46
실행중...
현재시간: 2022-04-10 09:02:46
실행중...
현재시간: 2022-04-10 09:12:47
실행중...
현재시간: 2022-04-10 09:22:48
실행중...
현재시간: 2022-04-10 09:32:48
실행중...
현재시간: 2022-04-10 09:42:49
실행중...
현재시간: 2022-04-10 09:52:50
실행중...
현재시간: 2022-04-10 10:02:50
실행중...
현재시간: 2022-04-10 10:12:51
실행중...
현재시간: 2022-04-10 10:22:51
실행중...
현재시간: 2022-04-10 10:32:52
실행중...
현재시간: 2022-04-10 10:42:52
실행중...
현재시간: 2022-04-10 10:52:53
실행중...
현재시간: 2022-04-10 11:02:54
실행중...
현재시간: 2022-04-10 11:12:54
실행중...
현재시간: 2022-04-10 11:22:55
실행중...
현재시간: 2022-04-10 11:32:55
실행중...
현재시간: 2022-04-10 11:42:56
실행중...
현재시간: 2022-04-10 11:52:57
실행중...
*****************동인네트워크 부스 정리 프로그램 실행합니다*****************
****************MADE BY PPJ(Twitter: @Juicy_Wave)****************
**********************오늘의 날짜는 2022-04-10-12:00 